{
  "RSpec": {
    "coverage": {
      "/myapp/app/models/user.rb": {
        "lines": [
          1,
          null,
          null,
          1,
          1,
          null,
          null,
          1,
          1,
          1,
          1,
          null,
          1,
          32,
          null,
          null,
          1,
          null,
          1,
          10,
          null,
          null
        ]
      },
      "/myapp/app/models/application_record.rb": {
        "lines": [
          1,
          1,
          null
        ]
      },
      "/myapp/app/helpers/application_helper.rb": {
        "lines": [
          1,
          1,
          61,
          61,
          null,
          null,
          1,
          null,
          61,
          null,
          null,
          null,
          null,
          null,
          null,
          null,
          null,
          null,
          null,
          null,
          null,
          null,
          null,
          null,
          null,
          null,
          null,
          null,
          null,
          null,
          1,
          2,
          null,
          null,
          1,
          128,
          128,
          null,
          null,
          1,
          12,
          12,
          null,
          null
        ]
      },
      "/myapp/app/helpers/card_sets_helper.rb": {
        "lines": [
          1,
          null
        ]
      },
      "/myapp/app/helpers/questions_helper.rb": {
        "lines": [
          1,
          null
        ]
      },
      "/myapp/app/helpers/requests_helper.rb": {
        "lines": [
          1,
          null
        ]
      },
      "/myapp/app/helpers/static_pages_helper.rb": {
        "lines": [
          1,
          null
        ]
      },
      "/myapp/app/models/card_set.rb": {
        "lines": [
          1,
          1,
          null,
          1,
          1,
          1,
          1,
          1,
          null,
          null,
          1,
          0,
          null,
          0,
          0,
          null,
          null,
          null,
          null,
          null,
          null,
          0,
          null,
          null,
          null,
          1,
          null,
          0,
          null,
          null,
          null,
          null,
          null,
          null,
          1,
          0,
          null,
          0,
          null,
          null,
          null,
          null,
          null,
          null,
          null,
          1,
          140,
          null,
          null,
          null,
          1,
          0,
          null,
          null,
          1,
          null,
          1,
          99,
          11,
          null,
          null,
          null,
          1,
          99,
          null,
          324,
          1,
          null,
          null,
          null,
          1,
          99,
          null,
          93,
          231,
          3,
          null,
          null,
          null,
          null,
          1,
          99,
          null,
          160,
          92,
          92,
          null,
          92,
          1,
          null,
          null,
          null
        ]
      },
      "/myapp/app/models/game_record.rb": {
        "lines": [
          1,
          1,
          1,
          null,
          1,
          1,
          1,
          null
        ]
      },
      "/myapp/app/models/question.rb": {
        "lines": [
          1,
          1,
          1,
          1,
          null,
          1,
          1,
          null,
          1,
          1,
          null,
          1,
          null,
          1,
          1,
          1,
          null,
          null,
          1,
          0,
          null,
          0,
          0,
          null,
          null,
          0,
          null,
          null,
          null,
          1,
          2,
          2,
          null,
          2,
          null,
          4,
          null,
          null,
          null,
          null,
          null,
          null,
          null,
          4,
          8,
          null,
          null,
          null,
          null,
          null,
          null,
          null,
          null,
          null,
          2,
          null,
          null,
          null,
          null,
          null,
          null,
          1,
          0,
          0,
          null,
          null,
          1,
          16,
          null,
          null,
          1,
          184,
          99,
          null,
          null,
          null,
          1,
          15,
          null,
          null,
          1,
          4,
          null,
          null,
          1,
          null,
          7,
          null,
          7,
          null,
          7,
          null,
          null,
          7,
          0,
          null,
          null,
          null,
          7,
          0,
          0,
          null,
          null,
          null,
          1,
          null,
          null,
          null,
          null,
          null,
          1,
          105,
          3,
          null,
          null,
          null,
          1,
          105,
          null,
          4,
          null,
          4,
          4,
          2,
          null,
          null,
          null,
          null,
          null,
          1,
          82,
          null,
          null,
          1,
          122,
          null,
          null
        ]
      },
      "/myapp/app/models/question_tag.rb": {
        "lines": [
          1,
          1,
          1,
          1,
          1,
          null
        ]
      },
      "/myapp/app/models/tag.rb": {
        "lines": [
          1,
          1,
          1,
          1,
          null
        ]
      },
      "/myapp/app/models/request.rb": {
        "lines": [
          1,
          1,
          1,
          null,
          1,
          null,
          1,
          1,
          null,
          1,
          null,
          null,
          1,
          0,
          null,
          null,
          1,
          0,
          null,
          null
        ]
      },
      "/myapp/app/models/request_response.rb": {
        "lines": [
          1,
          1,
          1,
          null,
          1,
          null,
          1,
          null,
          1,
          null,
          1,
          2,
          null,
          2,
          null,
          null
        ]
      },
      "/myapp/app/controllers/card_sets_controller.rb": {
        "lines": [
          null,
          1,
          1,
          1,
          1,
          1,
          null,
          null,
          1,
          0,
          null,
          null,
          null,
          1,
          null,
          null,
          null,
          1,
          4,
          null,
          null,
          4,
          1,
          null,
          null,
          null,
          null,
          null,
          1,
          7,
          null,
          7,
          4,
          null,
          null,
          4,
          4,
          4,
          null,
          4,
          8,
          4,
          0,
          null,
          null,
          null,
          null,
          null,
          null,
          null,
          null,
          3,
          6,
          3,
          0,
          null,
          null,
          null,
          null,
          null,
          null,
          null,
          null,
          null,
          1,
          null,
          null,
          null,
          1,
          4,
          2,
          null,
          2,
          4,
          2,
          0,
          null,
          null,
          null,
          null,
          null,
          null,
          null,
          2,
          4,
          2,
          0,
          null,
          null,
          null,
          null,
          null,
          null,
          1,
          null,
          2,
          0,
          0,
          0,
          0,
          null,
          null,
          null,
          null,
          null,
          0,
          null,
          null,
          2,
          2,
          null,
          2,
          4,
          2,
          0,
          null,
          null,
          null,
          null,
          null,
          null,
          null,
          1,
          null,
          1,
          21,
          null,
          null,
          1,
          9,
          null,
          null,
          1,
          21,
          3,
          null,
          null,
          null,
          1,
          11,
          null,
          null,
          null,
          1,
          4,
          null,
          3,
          null,
          1,
          1,
          null,
          0,
          null,
          null,
          0,
          0,
          null,
          0,
          null,
          null,
          null,
          null,
          null,
          1,
          4,
          null,
          null,
          3,
          null,
          1,
          null,
          1,
          null,
          null,
          0,
          null,
          null,
          0,
          null,
          null,
          null
        ]
      },
      "/myapp/app/controllers/application_controller.rb": {
        "lines": [
          1,
          null,
          1,
          1,
          null,
          1,
          null,
          115,
          115,
          null,
          null
        ]
      },
      "/myapp/app/controllers/questions_controller.rb": {
        "lines": [
          1,
          1,
          null,
          1,
          5,
          null,
          null,
          1,
          3,
          null,
          null,
          1,
          6,
          null,
          6,
          6,
          6,
          null,
          0,
          0,
          null,
          null,
          0,
          null,
          null,
          6,
          6,
          4,
          null,
          4,
          null,
          null,
          2,
          2,
          null,
          null,
          null,
          1,
          8,
          8,
          null,
          null,
          1,
          3,
          2,
          null,
          null,
          1,
          5,
          null,
          5,
          5,
          5,
          null,
          0,
          0,
          null,
          null,
          0,
          null,
          null,
          5,
          5,
          3,
          3,
          null,
          2,
          2,
          null,
          null,
          null,
          1,
          3,
          2,
          2,
          null,
          null,
          1,
          0,
          null,
          0,
          0,
          0,
          null,
          0,
          null,
          null,
          null,
          1,
          0,
          0,
          0,
          null,
          null,
          null,
          1,
          null,
          1,
          11,
          null,
          null,
          1,
          0,
          null,
          null
        ]
      },
      "/myapp/app/controllers/users/registrations_controller.rb": {
        "lines": [
          null,
          null,
          1,
          1,
          1,
          null,
          null,
          null,
          null,
          null,
          null,
          null,
          null,
          null,
          null,
          null,
          null,
          null,
          null,
          null,
          null,
          1,
          3,
          null,
          1,
          null,
          null,
          2,
          null,
          null,
          null,
          null,
          null,
          null,
          1,
          10,
          10,
          null,
          10,
          10,
          10,
          7,
          7,
          null,
          null,
          null,
          7,
          7,
          13,
          null,
          null,
          3,
          3,
          null,
          null,
          null,
          3,
          4,
          5,
          null,
          null,
          10,
          null,
          null,
          null,
          null,
          null,
          null,
          null,
          null,
          null,
          null,
          null,
          null,
          null,
          null,
          null,
          null,
          null,
          null,
          null,
          null,
          null,
          1,
          null,
          null,
          1,
          9,
          null,
          null,
          null,
          1,
          10,
          null,
          null,
          null,
          1,
          5,
          null,
          null,
          null,
          1,
          0,
          null,
          null,
          1,
          null,
          1,
          10,
          null,
          null,
          null,
          1,
          6,
          null,
          null,
          1,
          null,
          1,
          7,
          null,
          7,
          0,
          7,
          7,
          null,
          0,
          null,
          null,
          7,
          null,
          null
        ]
      },
      "/myapp/app/controllers/users_controller.rb": {
        "lines": [
          1,
          1,
          1,
          null,
          1,
          0,
          0,
          0,
          null,
          null,
          1,
          null,
          1,
          0,
          null,
          null
        ]
      },
      "/myapp/app/controllers/static_pages_controller.rb": {
        "lines": [
          1,
          1,
          null
        ]
      },
      "/myapp/app/controllers/games_controller.rb": {
        "lines": [
          1,
          1,
          1,
          null,
          null,
          1,
          2,
          0,
          0,
          null,
          null,
          2,
          null,
          null,
          2,
          null,
          null,
          2,
          2,
          2,
          2,
          2,
          null,
          2,
          2,
          null,
          null,
          null,
          1,
          0,
          null,
          null,
          0,
          null,
          0,
          0,
          0,
          0,
          null,
          0,
          null,
          null,
          null,
          1,
          null,
          1,
          2,
          null,
          null,
          null,
          1,
          2,
          2,
          null,
          2,
          null,
          null,
          0,
          null,
          null,
          0,
          null,
          null,
          2,
          null,
          null,
          2,
          null,
          null,
          1,
          0,
          0,
          0,
          null,
          null,
          0,
          0,
          null,
          null,
          null,
          null,
          null,
          null,
          0,
          null,
          null,
          null,
          0,
          null,
          0,
          null,
          null,
          null,
          null,
          null,
          null,
          null,
          null,
          1,
          0,
          0,
          0,
          0,
          null,
          null,
          0,
          0,
          null,
          null,
          null,
          null,
          null,
          null,
          null,
          0,
          null,
          null,
          null,
          0,
          0,
          0,
          null,
          0,
          null,
          0,
          0,
          null,
          null,
          0,
          null,
          0,
          null,
          null,
          null,
          null,
          null,
          null,
          null,
          null,
          null,
          null,
          null,
          null,
          0,
          0,
          null,
          0,
          null,
          null,
          0,
          null,
          null,
          null,
          null,
          null,
          null,
          null,
          null,
          null,
          null,
          1,
          0,
          0,
          null,
          null,
          1,
          null,
          2,
          2,
          2,
          2,
          2,
          2,
          2,
          null,
          null,
          1,
          null,
          2,
          null,
          null
        ]
      },
      "/myapp/app/channels/application_cable/channel.rb": {
        "lines": [
          0,
          0,
          0,
          0
        ],
        "branches": {}
      },
      "/myapp/app/channels/application_cable/connection.rb": {
        "lines": [
          0,
          0,
          0,
          0
        ],
        "branches": {}
      },
      "/myapp/app/controllers/game_records_controller.rb": {
        "lines": [
          0,
          0,
          0,
          null,
          0,
          0,
          0,
          0,
          0,
          0,
          0,
          0,
          0,
          0,
          0,
          0,
          null,
          0,
          0,
          null,
          0,
          null,
          0,
          0,
          0,
          null,
          0,
          null,
          0,
          0,
          0,
          0,
          0,
          0,
          null,
          0,
          0,
          0,
          0,
          null,
          null,
          0,
          0,
          0,
          null,
          null,
          0,
          0,
          null,
          0,
          null,
          0,
          0,
          0,
          null,
          0,
          0,
          0,
          null,
          0,
          0,
          0,
          0,
          0
        ],
        "branches": {}
      },
      "/myapp/app/controllers/request_responses_controller.rb": {
        "lines": [
          0,
          0,
          0,
          0,
          0,
          0,
          null,
          0,
          0,
          0,
          0,
          0,
          0,
          0,
          null,
          0,
          null,
          0,
          0,
          0,
          0
        ],
        "branches": {}
      },
      "/myapp/app/controllers/requests_controller.rb": {
        "lines": [
          0,
          0,
          null,
          0,
          null,
          0,
          null,
          null,
          0,
          0,
          0,
          null,
          0,
          0,
          0,
          0,
          null,
          0,
          0,
          0,
          0,
          null,
          0,
          0,
          0,
          0,
          0,
          0,
          0,
          0,
          0,
          null,
          0,
          0,
          0,
          0,
          0,
          0,
          null,
          0,
          null,
          0,
          0,
          0,
          0
        ],
        "branches": {}
      },
      "/myapp/app/controllers/users/confirmations_controller.rb": {
        "lines": [
          null,
          null,
          0,
          null,
          null,
          null,
          null,
          null,
          null,
          null,
          null,
          null,
          null,
          null,
          null,
          null,
          null,
          null,
          null,
          null,
          null,
          null,
          null,
          null,
          null,
          null,
          null,
          null,
          null,
          0
        ],
        "branches": {}
      },
      "/myapp/app/controllers/users/omniauth_callbacks_controller.rb": {
        "lines": [
          null,
          null,
          0,
          null,
          null,
          null,
          null,
          null,
          null,
          null,
          null,
          null,
          null,
          null,
          null,
          null,
          null,
          null,
          null,
          null,
          null,
          null,
          null,
          null,
          null,
          null,
          null,
          null,
          null,
          0
        ],
        "branches": {}
      },
      "/myapp/app/controllers/users/passwords_controller.rb": {
        "lines": [
          null,
          null,
          0,
          null,
          null,
          null,
          null,
          null,
          null,
          null,
          null,
          null,
          null,
          null,
          null,
          null,
          null,
          null,
          null,
          null,
          null,
          null,
          null,
          null,
          null,
          null,
          null,
          null,
          null,
          null,
          null,
          null,
          null,
          0
        ],
        "branches": {}
      },
      "/myapp/app/controllers/users/sessions_controller.rb": {
        "lines": [
          null,
          null,
          0,
          0,
          null,
          null,
          null,
          null,
          null,
          null,
          null,
          null,
          null,
          null,
          null,
          null,
          null,
          null,
          null,
          null,
          0,
          null,
          null,
          0,
          0,
          0,
          null,
          null,
          0,
          0,
          0,
          null,
          null,
          0,
          0,
          0,
          0
        ],
        "branches": {}
      },
      "/myapp/app/controllers/users/unlocks_controller.rb": {
        "lines": [
          null,
          null,
          0,
          null,
          null,
          null,
          null,
          null,
          null,
          null,
          null,
          null,
          null,
          null,
          null,
          null,
          null,
          null,
          null,
          null,
          null,
          null,
          null,
          null,
          null,
          null,
          null,
          null,
          null,
          0
        ],
        "branches": {}
      },
      "/myapp/app/jobs/application_job.rb": {
        "lines": [
          0,
          null,
          null,
          null,
          null,
          null,
          0
        ],
        "branches": {}
      },
      "/myapp/app/mailers/application_mailer.rb": {
        "lines": [
          0,
          0,
          0,
          0
        ],
        "branches": {}
      }
    },
    "timestamp": 1759071515
  }
}
